<?xml version="1.0" encoding="UTF-8"?>
<!-- Generated by org.testng.reporters.JUnitXMLReporter -->
<testsuite ignored="0" hostname="DESKTOP-QVM6J4J" failures="1" tests="1" name="LoginTest_Chrome" time="23.325" errors="0" timestamp="2022-04-03T18:49:49 IST">
  <testcase classname="com.Test.TC_001_verifyloginPage" name="verifyFBloginTest_Invaliddata" time="0.645">
    <failure type="java.lang.AssertionError" message="expected [true] but found [false]">
      <![CDATA[java.lang.AssertionError: expected [true] but found [false]
at com.Test.TC_001_verifyloginPage.verifyFBloginTest_Invaliddata(TC_001_verifyloginPage.java:21)
at java.base/java.util.ArrayList.forEach(ArrayList.java:1540)
... Removed 31 stack frames]]>
    </failure>
  </testcase> <!-- verifyFBloginTest_Invaliddata -->
</testsuite> <!-- LoginTest_Chrome -->
